CUSTOMBUILD : warning : Tag 'TCL_SUBST' at line 265 of file 'C:/Users/claud/Downloads/SFML-2.5.1-sources/SFML-2.5.1/sfml-build/doc/doxyfile' has become obsolete.
           To avoid this warning please remove this line from your configuration file or upgrade it using "doxygen -u"
CUSTOMBUILD : warning : Tag 'COLS_IN_ALPHA_INDEX' at line 1072 of file 'C:/Users/claud/Downloads/SFML-2.5.1-sources/SFML-2.5.1/sfml-build/doc/doxyfile' has become obsolete.
           To avoid this warning please remove this line from your configuration file or upgrade it using "doxygen -u"
CUSTOMBUILD : warning : Tag 'LATEX_SOURCE_CODE' at line 1785 of file 'C:/Users/claud/Downloads/SFML-2.5.1-sources/SFML-2.5.1/sfml-build/doc/doxyfile' has become obsolete.
           To avoid this warning please remove this line from your configuration file or upgrade it using "doxygen -u"
CUSTOMBUILD : warning : Tag 'RTF_SOURCE_CODE' at line 1867 of file 'C:/Users/claud/Downloads/SFML-2.5.1-sources/SFML-2.5.1/sfml-build/doc/doxyfile' has become obsolete.
           To avoid this warning please remove this line from your configuration file or upgrade it using "doxygen -u"
CUSTOMBUILD : warning : Tag 'DOCBOOK_PROGRAMLISTING' at line 1965 of file 'C:/Users/claud/Downloads/SFML-2.5.1-sources/SFML-2.5.1/sfml-build/doc/doxyfile' has become obsolete.
           To avoid this warning please remove this line from your configuration file or upgrade it using "doxygen -u"
CUSTOMBUILD : warning : Tag 'PERL_PATH' at line 2151 of file 'C:/Users/claud/Downloads/SFML-2.5.1-sources/SFML-2.5.1/sfml-build/doc/doxyfile' has become obsolete.
           To avoid this warning please remove this line from your configuration file or upgrade it using "doxygen -u"
CUSTOMBUILD : warning : Tag 'CLASS_DIAGRAMS' at line 2164 of file 'C:/Users/claud/Downloads/SFML-2.5.1-sources/SFML-2.5.1/sfml-build/doc/doxyfile' has become obsolete.
           To avoid this warning please remove this line from your configuration file or upgrade it using "doxygen -u"
CUSTOMBUILD : warning : Tag 'MSCGEN_PATH' at line 2173 of file 'C:/Users/claud/Downloads/SFML-2.5.1-sources/SFML-2.5.1/sfml-build/doc/doxyfile' has become obsolete.
           To avoid this warning please remove this line from your configuration file or upgrade it using "doxygen -u"
  Building API Documentation...Doxygen version used: 1.9.4 (5d15657a55555e6181a7830a5c723af75e7577e2)
  Searching for include files...
  Searching for example files...
  Searching for images...
  Searching for dot files...
  Searching for msc files...
  Searching for dia files...
  Searching for files to exclude
  Searching INPUT for files to process...
  Searching for files in directory C:/Users/claud/Downloads/SFML-2.5.1-sources/SFML-2.5.1/include/SFML
  Searching for files in directory C:/Users/claud/Downloads/SFML-2.5.1-sources/SFML-2.5.1/include/SFML/Audio
  Searching for files in directory C:/Users/claud/Downloads/SFML-2.5.1-sources/SFML-2.5.1/include/SFML/Graphics
  Searching for files in directory C:/Users/claud/Downloads/SFML-2.5.1-sources/SFML-2.5.1/include/SFML/Network
  Searching for files in directory C:/Users/claud/Downloads/SFML-2.5.1-sources/SFML-2.5.1/include/SFML/System
  Searching for files in directory C:/Users/claud/Downloads/SFML-2.5.1-sources/SFML-2.5.1/include/SFML/Window
  Reading and parsing tag files
  Parsing files
  Preprocessing C:/Users/claud/Downloads/SFML-2.5.1-sources/SFML-2.5.1/include/SFML/Audio.hpp...
  Parsing file C:/Users/claud/Downloads/SFML-2.5.1-sources/SFML-2.5.1/include/SFML/Audio.hpp...
  Preprocessing C:/Users/claud/Downloads/SFML-2.5.1-sources/SFML-2.5.1/include/SFML/Audio/AlResource.hpp...
  Parsing file C:/Users/claud/Downloads/SFML-2.5.1-sources/SFML-2.5.1/include/SFML/Audio/AlResource.hpp...
  Preprocessing C:/Users/claud/Downloads/SFML-2.5.1-sources/SFML-2.5.1/include/SFML/Audio/Export.hpp...
  Parsing file C:/Users/claud/Downloads/SFML-2.5.1-sources/SFML-2.5.1/include/SFML/Audio/Export.hpp...
  Preprocessing C:/Users/claud/Downloads/SFML-2.5.1-sources/SFML-2.5.1/include/SFML/Audio/InputSoundFile.hpp...
  Parsing file C:/Users/claud/Downloads/SFML-2.5.1-sources/SFML-2.5.1/include/SFML/Audio/InputSoundFile.hpp...
  Preprocessing C:/Users/claud/Downloads/SFML-2.5.1-sources/SFML-2.5.1/include/SFML/Audio/Listener.hpp...
  Parsing file C:/Users/claud/Downloads/SFML-2.5.1-sources/SFML-2.5.1/include/SFML/Audio/Listener.hpp...
  Preprocessing C:/Users/claud/Downloads/SFML-2.5.1-sources/SFML-2.5.1/include/SFML/Audio/Music.hpp...
  Parsing file C:/Users/claud/Downloads/SFML-2.5.1-sources/SFML-2.5.1/include/SFML/Audio/Music.hpp...
  Preprocessing C:/Users/claud/Downloads/SFML-2.5.1-sources/SFML-2.5.1/include/SFML/Audio/OutputSoundFile.hpp...
  Parsing file C:/Users/claud/Downloads/SFML-2.5.1-sources/SFML-2.5.1/include/SFML/Audio/OutputSoundFile.hpp...
  Preprocessing C:/Users/claud/Downloads/SFML-2.5.1-sources/SFML-2.5.1/include/SFML/Audio/Sound.hpp...
  Parsing file C:/Users/claud/Downloads/SFML-2.5.1-sources/SFML-2.5.1/include/SFML/Audio/Sound.hpp...
  Preprocessing C:/Users/claud/Downloads/SFML-2.5.1-sources/SFML-2.5.1/include/SFML/Audio/SoundBuffer.hpp...
  Parsing file C:/Users/claud/Downloads/SFML-2.5.1-sources/SFML-2.5.1/include/SFML/Audio/SoundBuffer.hpp...
  Preprocessing C:/Users/claud/Downloads/SFML-2.5.1-sources/SFML-2.5.1/include/SFML/Audio/SoundBufferRecorder.hpp...
  Parsing file C:/Users/claud/Downloads/SFML-2.5.1-sources/SFML-2.5.1/include/SFML/Audio/SoundBufferRecorder.hpp...
  Preprocessing C:/Users/claud/Downloads/SFML-2.5.1-sources/SFML-2.5.1/include/SFML/Audio/SoundFileFactory.hpp...
  Parsing file C:/Users/claud/Downloads/SFML-2.5.1-sources/SFML-2.5.1/include/SFML/Audio/SoundFileFactory.hpp...
  Preprocessing C:/Users/claud/Downloads/SFML-2.5.1-sources/SFML-2.5.1/include/SFML/Audio/SoundFileReader.hpp...
  Parsing file C:/Users/claud/Downloads/SFML-2.5.1-sources/SFML-2.5.1/include/SFML/Audio/SoundFileReader.hpp...
  Preprocessing C:/Users/claud/Downloads/SFML-2.5.1-sources/SFML-2.5.1/include/SFML/Audio/SoundFileWriter.hpp...
  Parsing file C:/Users/claud/Downloads/SFML-2.5.1-sources/SFML-2.5.1/include/SFML/Audio/SoundFileWriter.hpp...
  Preprocessing C:/Users/claud/Downloads/SFML-2.5.1-sources/SFML-2.5.1/include/SFML/Audio/SoundRecorder.hpp...
  Parsing file C:/Users/claud/Downloads/SFML-2.5.1-sources/SFML-2.5.1/include/SFML/Audio/SoundRecorder.hpp...
  Preprocessing C:/Users/claud/Downloads/SFML-2.5.1-sources/SFML-2.5.1/include/SFML/Audio/SoundSource.hpp...
  C:/Users/claud/Downloads/SFML-2.5.1-sources/SFML-2.5.1/include/SFML/Graphics/Glsl.hpp:48: warning: include file SFML/Graphics/Glsl.inl not found, perhaps you forgot to add its directory to INCLUDE_PATH?
  C:/Users/claud/Downloads/SFML-2.5.1-sources/SFML-2.5.1/include/SFML/Graphics/Rect.hpp:193: warning: include file SFML/Graphics/Rect.inl not found, perhaps you forgot to add its directory to INCLUDE_PATH?
  Parsing file C:/Users/claud/Downloads/SFML-2.5.1-sources/SFML-2.5.1/include/SFML/Audio/SoundSource.hpp...
  Preprocessing C:/Users/claud/Downloads/SFML-2.5.1-sources/SFML-2.5.1/include/SFML/Audio/SoundStream.hpp...
  Parsing file C:/Users/claud/Downloads/SFML-2.5.1-sources/SFML-2.5.1/include/SFML/Audio/SoundStream.hpp...
  Preprocessing C:/Users/claud/Downloads/SFML-2.5.1-sources/SFML-2.5.1/include/SFML/Config.hpp...
  Parsing file C:/Users/claud/Downloads/SFML-2.5.1-sources/SFML-2.5.1/include/SFML/Config.hpp...
  Preprocessing C:/Users/claud/Downloads/SFML-2.5.1-sources/SFML-2.5.1/include/SFML/GpuPreference.hpp...
  Parsing file C:/Users/claud/Downloads/SFML-2.5.1-sources/SFML-2.5.1/include/SFML/GpuPreference.hpp...
  Preprocessing C:/Users/claud/Downloads/SFML-2.5.1-sources/SFML-2.5.1/include/SFML/Graphics.hpp...
  Parsing file C:/Users/claud/Downloads/SFML-2.5.1-sources/SFML-2.5.1/include/SFML/Graphics.hpp...
  Preprocessing C:/Users/claud/Downloads/SFML-2.5.1-sources/SFML-2.5.1/include/SFML/Graphics/BlendMode.hpp...
  Parsing file C:/Users/claud/Downloads/SFML-2.5.1-sources/SFML-2.5.1/include/SFML/Graphics/BlendMode.hpp...
  Preprocessing C:/Users/claud/Downloads/SFML-2.5.1-sources/SFML-2.5.1/include/SFML/Graphics/CircleShape.hpp...
  Parsing file C:/Users/claud/Downloads/SFML-2.5.1-sources/SFML-2.5.1/include/SFML/Graphics/CircleShape.hpp...
  Preprocessing C:/Users/claud/Downloads/SFML-2.5.1-sources/SFML-2.5.1/include/SFML/Graphics/Color.hpp...
  Parsing file C:/Users/claud/Downloads/SFML-2.5.1-sources/SFML-2.5.1/include/SFML/Graphics/Color.hpp...
  Preprocessing C:/Users/claud/Downloads/SFML-2.5.1-sources/SFML-2.5.1/include/SFML/Graphics/ConvexShape.hpp...
  Parsing file C:/Users/claud/Downloads/SFML-2.5.1-sources/SFML-2.5.1/include/SFML/Graphics/ConvexShape.hpp...
  Preprocessing C:/Users/claud/Downloads/SFML-2.5.1-sources/SFML-2.5.1/include/SFML/Graphics/Drawable.hpp...
  Parsing file C:/Users/claud/Downloads/SFML-2.5.1-sources/SFML-2.5.1/include/SFML/Graphics/Drawable.hpp...
  Preprocessing C:/Users/claud/Downloads/SFML-2.5.1-sources/SFML-2.5.1/include/SFML/Graphics/Export.hpp...
  Parsing file C:/Users/claud/Downloads/SFML-2.5.1-sources/SFML-2.5.1/include/SFML/Graphics/Export.hpp...
  Preprocessing C:/Users/claud/Downloads/SFML-2.5.1-sources/SFML-2.5.1/include/SFML/Graphics/Font.hpp...
  Parsing file C:/Users/claud/Downloads/SFML-2.5.1-sources/SFML-2.5.1/include/SFML/Graphics/Font.hpp...
  Preprocessing C:/Users/claud/Downloads/SFML-2.5.1-sources/SFML-2.5.1/include/SFML/Graphics/Glsl.hpp...
  Parsing file C:/Users/claud/Downloads/SFML-2.5.1-sources/SFML-2.5.1/include/SFML/Graphics/Glsl.hpp...
  Preprocessing C:/Users/claud/Downloads/SFML-2.5.1-sources/SFML-2.5.1/include/SFML/Graphics/Glyph.hpp...
  Parsing file C:/Users/claud/Downloads/SFML-2.5.1-sources/SFML-2.5.1/include/SFML/Graphics/Glyph.hpp...
  Preprocessing C:/Users/claud/Downloads/SFML-2.5.1-sources/SFML-2.5.1/include/SFML/Graphics/Image.hpp...
  Parsing file C:/Users/claud/Downloads/SFML-2.5.1-sources/SFML-2.5.1/include/SFML/Graphics/Image.hpp...
  Preprocessing C:/Users/claud/Downloads/SFML-2.5.1-sources/SFML-2.5.1/include/SFML/Graphics/PrimitiveType.hpp...
  Parsing file C:/Users/claud/Downloads/SFML-2.5.1-sources/SFML-2.5.1/include/SFML/Graphics/PrimitiveType.hpp...
  Preprocessing C:/Users/claud/Downloads/SFML-2.5.1-sources/SFML-2.5.1/include/SFML/Graphics/Rect.hpp...
  Parsing file C:/Users/claud/Downloads/SFML-2.5.1-sources/SFML-2.5.1/include/SFML/Graphics/Rect.hpp...
  Preprocessing C:/Users/claud/Downloads/SFML-2.5.1-sources/SFML-2.5.1/include/SFML/Graphics/RectangleShape.hpp...
  Parsing file C:/Users/claud/Downloads/SFML-2.5.1-sources/SFML-2.5.1/include/SFML/Graphics/RectangleShape.hpp...
  Preprocessing C:/Users/claud/Downloads/SFML-2.5.1-sources/SFML-2.5.1/include/SFML/Graphics/RenderStates.hpp...
  Parsing file C:/Users/claud/Downloads/SFML-2.5.1-sources/SFML-2.5.1/include/SFML/Graphics/RenderStates.hpp...
  Preprocessing C:/Users/claud/Downloads/SFML-2.5.1-sources/SFML-2.5.1/include/SFML/Graphics/RenderTarget.hpp...
  Parsing file C:/Users/claud/Downloads/SFML-2.5.1-sources/SFML-2.5.1/include/SFML/Graphics/RenderTarget.hpp...
  Preprocessing C:/Users/claud/Downloads/SFML-2.5.1-sources/SFML-2.5.1/include/SFML/Graphics/RenderTexture.hpp...
  Parsing file C:/Users/claud/Downloads/SFML-2.5.1-sources/SFML-2.5.1/include/SFML/Graphics/RenderTexture.hpp...
  Preprocessing C:/Users/claud/Downloads/SFML-2.5.1-sources/SFML-2.5.1/include/SFML/Graphics/RenderWindow.hpp...
  Parsing file C:/Users/claud/Downloads/SFML-2.5.1-sources/SFML-2.5.1/include/SFML/Graphics/RenderWindow.hpp...
  Preprocessing C:/Users/claud/Downloads/SFML-2.5.1-sources/SFML-2.5.1/include/SFML/Graphics/Shader.hpp...
  Parsing file C:/Users/claud/Downloads/SFML-2.5.1-sources/SFML-2.5.1/include/SFML/Graphics/Shader.hpp...
  Preprocessing C:/Users/claud/Downloads/SFML-2.5.1-sources/SFML-2.5.1/include/SFML/Graphics/Shape.hpp...
  Parsing file C:/Users/claud/Downloads/SFML-2.5.1-sources/SFML-2.5.1/include/SFML/Graphics/Shape.hpp...
  Preprocessing C:/Users/claud/Downloads/SFML-2.5.1-sources/SFML-2.5.1/include/SFML/Graphics/Sprite.hpp...
  Parsing file C:/Users/claud/Downloads/SFML-2.5.1-sources/SFML-2.5.1/include/SFML/Graphics/Sprite.hpp...
  Preprocessing C:/Users/claud/Downloads/SFML-2.5.1-sources/SFML-2.5.1/include/SFML/Graphics/Text.hpp...
  Parsing file C:/Users/claud/Downloads/SFML-2.5.1-sources/SFML-2.5.1/include/SFML/Graphics/Text.hpp...
  Preprocessing C:/Users/claud/Downloads/SFML-2.5.1-sources/SFML-2.5.1/include/SFML/Graphics/Texture.hpp...
  Parsing file C:/Users/claud/Downloads/SFML-2.5.1-sources/SFML-2.5.1/include/SFML/Graphics/Texture.hpp...
  Preprocessing C:/Users/claud/Downloads/SFML-2.5.1-sources/SFML-2.5.1/include/SFML/Graphics/Transform.hpp...
  Parsing file C:/Users/claud/Downloads/SFML-2.5.1-sources/SFML-2.5.1/include/SFML/Graphics/Transform.hpp...
  Preprocessing C:/Users/claud/Downloads/SFML-2.5.1-sources/SFML-2.5.1/include/SFML/Graphics/Transformable.hpp...
  Parsing file C:/Users/claud/Downloads/SFML-2.5.1-sources/SFML-2.5.1/include/SFML/Graphics/Transformable.hpp...
  Preprocessing C:/Users/claud/Downloads/SFML-2.5.1-sources/SFML-2.5.1/include/SFML/Graphics/Vertex.hpp...
  Parsing file C:/Users/claud/Downloads/SFML-2.5.1-sources/SFML-2.5.1/include/SFML/Graphics/Vertex.hpp...
  Preprocessing C:/Users/claud/Downloads/SFML-2.5.1-sources/SFML-2.5.1/include/SFML/Graphics/VertexArray.hpp...
  Parsing file C:/Users/claud/Downloads/SFML-2.5.1-sources/SFML-2.5.1/include/SFML/Graphics/VertexArray.hpp...
  Preprocessing C:/Users/claud/Downloads/SFML-2.5.1-sources/SFML-2.5.1/include/SFML/Graphics/VertexBuffer.hpp...
  Parsing file C:/Users/claud/Downloads/SFML-2.5.1-sources/SFML-2.5.1/include/SFML/Graphics/VertexBuffer.hpp...
  Preprocessing C:/Users/claud/Downloads/SFML-2.5.1-sources/SFML-2.5.1/include/SFML/Graphics/View.hpp...
  Parsing file C:/Users/claud/Downloads/SFML-2.5.1-sources/SFML-2.5.1/include/SFML/Graphics/View.hpp...
  Preprocessing C:/Users/claud/Downloads/SFML-2.5.1-sources/SFML-2.5.1/include/SFML/Main.hpp...
  Parsing file C:/Users/claud/Downloads/SFML-2.5.1-sources/SFML-2.5.1/include/SFML/Main.hpp...
  Preprocessing C:/Users/claud/Downloads/SFML-2.5.1-sources/SFML-2.5.1/include/SFML/Network.hpp...
  Parsing file C:/Users/claud/Downloads/SFML-2.5.1-sources/SFML-2.5.1/include/SFML/Network.hpp...
  Preprocessing C:/Users/claud/Downloads/SFML-2.5.1-sources/SFML-2.5.1/include/SFML/Network/Export.hpp...
  Parsing file C:/Users/claud/Downloads/SFML-2.5.1-sources/SFML-2.5.1/include/SFML/Network/Export.hpp...
  Preprocessing C:/Users/claud/Downloads/SFML-2.5.1-sources/SFML-2.5.1/include/SFML/Network/Ftp.hpp...
  Parsing file C:/Users/claud/Downloads/SFML-2.5.1-sources/SFML-2.5.1/include/SFML/Network/Ftp.hpp...
  Preprocessing C:/Users/claud/Downloads/SFML-2.5.1-sources/SFML-2.5.1/include/SFML/Network/Http.hpp...
  Parsing file C:/Users/claud/Downloads/SFML-2.5.1-sources/SFML-2.5.1/include/SFML/Network/Http.hpp...
  Preprocessing C:/Users/claud/Downloads/SFML-2.5.1-sources/SFML-2.5.1/include/SFML/Network/IpAddress.hpp...
  Parsing file C:/Users/claud/Downloads/SFML-2.5.1-sources/SFML-2.5.1/include/SFML/Network/IpAddress.hpp...
  Preprocessing C:/Users/claud/Downloads/SFML-2.5.1-sources/SFML-2.5.1/include/SFML/Network/Packet.hpp...
  Parsing file C:/Users/claud/Downloads/SFML-2.5.1-sources/SFML-2.5.1/include/SFML/Network/Packet.hpp...
  Preprocessing C:/Users/claud/Downloads/SFML-2.5.1-sources/SFML-2.5.1/include/SFML/Network/Socket.hpp...
  Parsing file C:/Users/claud/Downloads/SFML-2.5.1-sources/SFML-2.5.1/include/SFML/Network/Socket.hpp...
  Preprocessing C:/Users/claud/Downloads/SFML-2.5.1-sources/SFML-2.5.1/include/SFML/Network/SocketHandle.hpp...
  Parsing file C:/Users/claud/Downloads/SFML-2.5.1-sources/SFML-2.5.1/include/SFML/Network/SocketHandle.hpp...
  Preprocessing C:/Users/claud/Downloads/SFML-2.5.1-sources/SFML-2.5.1/include/SFML/Network/SocketSelector.hpp...
  Parsing file C:/Users/claud/Downloads/SFML-2.5.1-sources/SFML-2.5.1/include/SFML/Network/SocketSelector.hpp...
  Preprocessing C:/Users/claud/Downloads/SFML-2.5.1-sources/SFML-2.5.1/include/SFML/Network/TcpListener.hpp...
  Parsing file C:/Users/claud/Downloads/SFML-2.5.1-sources/SFML-2.5.1/include/SFML/Network/TcpListener.hpp...
  Preprocessing C:/Users/claud/Downloads/SFML-2.5.1-sources/SFML-2.5.1/include/SFML/Network/TcpSocket.hpp...
  Parsing file C:/Users/claud/Downloads/SFML-2.5.1-sources/SFML-2.5.1/include/SFML/Network/TcpSocket.hpp...
  Preprocessing C:/Users/claud/Downloads/SFML-2.5.1-sources/SFML-2.5.1/include/SFML/Network/UdpSocket.hpp...
  Parsing file C:/Users/claud/Downloads/SFML-2.5.1-sources/SFML-2.5.1/include/SFML/Network/UdpSocket.hpp...
  Preprocessing C:/Users/claud/Downloads/SFML-2.5.1-sources/SFML-2.5.1/include/SFML/OpenGL.hpp...
  Parsing file C:/Users/claud/Downloads/SFML-2.5.1-sources/SFML-2.5.1/include/SFML/OpenGL.hpp...
  Preprocessing C:/Users/claud/Downloads/SFML-2.5.1-sources/SFML-2.5.1/include/SFML/System.hpp...
  Parsing file C:/Users/claud/Downloads/SFML-2.5.1-sources/SFML-2.5.1/include/SFML/System.hpp...
  Preprocessing C:/Users/claud/Downloads/SFML-2.5.1-sources/SFML-2.5.1/include/SFML/System/Clock.hpp...
  Parsing file C:/Users/claud/Downloads/SFML-2.5.1-sources/SFML-2.5.1/include/SFML/System/Clock.hpp...
  Preprocessing C:/Users/claud/Downloads/SFML-2.5.1-sources/SFML-2.5.1/include/SFML/System/Err.hpp...
  Parsing file C:/Users/claud/Downloads/SFML-2.5.1-sources/SFML-2.5.1/include/SFML/System/Err.hpp...
  Preprocessing C:/Users/claud/Downloads/SFML-2.5.1-sources/SFML-2.5.1/include/SFML/System/Export.hpp...
  Parsing file C:/Users/claud/Downloads/SFML-2.5.1-sources/SFML-2.5.1/include/SFML/System/Export.hpp...
  Preprocessing C:/Users/claud/Downloads/SFML-2.5.1-sources/SFML-2.5.1/include/SFML/System/FileInputStream.hpp...
  Parsing file C:/Users/claud/Downloads/SFML-2.5.1-sources/SFML-2.5.1/include/SFML/System/FileInputStream.hpp...
  Preprocessing C:/Users/claud/Downloads/SFML-2.5.1-sources/SFML-2.5.1/include/SFML/System/InputStream.hpp...
  Parsing file C:/Users/claud/Downloads/SFML-2.5.1-sources/SFML-2.5.1/include/SFML/System/InputStream.hpp...
  Preprocessing C:/Users/claud/Downloads/SFML-2.5.1-sources/SFML-2.5.1/include/SFML/System/Lock.hpp...
  Parsing file C:/Users/claud/Downloads/SFML-2.5.1-sources/SFML-2.5.1/include/SFML/System/Lock.hpp...
  Preprocessing C:/Users/claud/Downloads/SFML-2.5.1-sources/SFML-2.5.1/include/SFML/System/MemoryInputStream.hpp...
  Parsing file C:/Users/claud/Downloads/SFML-2.5.1-sources/SFML-2.5.1/include/SFML/System/MemoryInputStream.hpp...
  Preprocessing C:/Users/claud/Downloads/SFML-2.5.1-sources/SFML-2.5.1/include/SFML/System/Mutex.hpp...
  Parsing file C:/Users/claud/Downloads/SFML-2.5.1-sources/SFML-2.5.1/include/SFML/System/Mutex.hpp...
  Preprocessing C:/Users/claud/Downloads/SFML-2.5.1-sources/SFML-2.5.1/include/SFML/System/NativeActivity.hpp...
  Parsing file C:/Users/claud/Downloads/SFML-2.5.1-sources/SFML-2.5.1/include/SFML/System/NativeActivity.hpp...
  Preprocessing C:/Users/claud/Downloads/SFML-2.5.1-sources/SFML-2.5.1/include/SFML/System/NonCopyable.hpp...
  Parsing file C:/Users/claud/Downloads/SFML-2.5.1-sources/SFML-2.5.1/include/SFML/System/NonCopyable.hpp...
  Preprocessing C:/Users/claud/Downloads/SFML-2.5.1-sources/SFML-2.5.1/include/SFML/System/Sleep.hpp...
  Parsing file C:/Users/claud/Downloads/SFML-2.5.1-sources/SFML-2.5.1/include/SFML/System/Sleep.hpp...
  C:/Users/claud/Downloads/SFML-2.5.1-sources/SFML-2.5.1/include/SFML/System/String.hpp:614: warning: include file SFML/System/String.inl not found, perhaps you forgot to add its directory to INCLUDE_PATH?
  C:/Users/claud/Downloads/SFML-2.5.1-sources/SFML-2.5.1/include/SFML/System/Thread.hpp:193: warning: include file SFML/System/Thread.inl not found, perhaps you forgot to add its directory to INCLUDE_PATH?
  C:/Users/claud/Downloads/SFML-2.5.1-sources/SFML-2.5.1/include/SFML/System/Utf.hpp:731: warning: include file SFML/System/Utf.inl not found, perhaps you forgot to add its directory to INCLUDE_PATH?
  C:/Users/claud/Downloads/SFML-2.5.1-sources/SFML-2.5.1/include/SFML/System/Vector2.hpp:250: warning: include file SFML/System/Vector2.inl not found, perhaps you forgot to add its directory to INCLUDE_PATH?
  C:/Users/claud/Downloads/SFML-2.5.1-sources/SFML-2.5.1/include/SFML/System/Vector3.hpp:252: warning: include file SFML/System/Vector3.inl not found, perhaps you forgot to add its directory to INCLUDE_PATH?
  Preprocessing C:/Users/claud/Downloads/SFML-2.5.1-sources/SFML-2.5.1/include/SFML/System/String.hpp...
  Parsing file C:/Users/claud/Downloads/SFML-2.5.1-sources/SFML-2.5.1/include/SFML/System/String.hpp...
  Preprocessing C:/Users/claud/Downloads/SFML-2.5.1-sources/SFML-2.5.1/include/SFML/System/Thread.hpp...
  Parsing file C:/Users/claud/Downloads/SFML-2.5.1-sources/SFML-2.5.1/include/SFML/System/Thread.hpp...
  Preprocessing C:/Users/claud/Downloads/SFML-2.5.1-sources/SFML-2.5.1/include/SFML/System/ThreadLocal.hpp...
  Parsing file C:/Users/claud/Downloads/SFML-2.5.1-sources/SFML-2.5.1/include/SFML/System/ThreadLocal.hpp...
  Preprocessing C:/Users/claud/Downloads/SFML-2.5.1-sources/SFML-2.5.1/include/SFML/System/ThreadLocalPtr.hpp...
  Parsing file C:/Users/claud/Downloads/SFML-2.5.1-sources/SFML-2.5.1/include/SFML/System/ThreadLocalPtr.hpp...
  Preprocessing C:/Users/claud/Downloads/SFML-2.5.1-sources/SFML-2.5.1/include/SFML/System/Time.hpp...
  Parsing file C:/Users/claud/Downloads/SFML-2.5.1-sources/SFML-2.5.1/include/SFML/System/Time.hpp...
  Preprocessing C:/Users/claud/Downloads/SFML-2.5.1-sources/SFML-2.5.1/include/SFML/System/Utf.hpp...
  Parsing file C:/Users/claud/Downloads/SFML-2.5.1-sources/SFML-2.5.1/include/SFML/System/Utf.hpp...
  Preprocessing C:/Users/claud/Downloads/SFML-2.5.1-sources/SFML-2.5.1/include/SFML/System/Vector2.hpp...
  Parsing file C:/Users/claud/Downloads/SFML-2.5.1-sources/SFML-2.5.1/include/SFML/System/Vector2.hpp...
  Preprocessing C:/Users/claud/Downloads/SFML-2.5.1-sources/SFML-2.5.1/include/SFML/System/Vector3.hpp...
  Parsing file C:/Users/claud/Downloads/SFML-2.5.1-sources/SFML-2.5.1/include/SFML/System/Vector3.hpp...
  Preprocessing C:/Users/claud/Downloads/SFML-2.5.1-sources/SFML-2.5.1/include/SFML/Window.hpp...
  Parsing file C:/Users/claud/Downloads/SFML-2.5.1-sources/SFML-2.5.1/include/SFML/Window.hpp...
  Preprocessing C:/Users/claud/Downloads/SFML-2.5.1-sources/SFML-2.5.1/include/SFML/Window/Clipboard.hpp...
  Parsing file C:/Users/claud/Downloads/SFML-2.5.1-sources/SFML-2.5.1/include/SFML/Window/Clipboard.hpp...
  Preprocessing C:/Users/claud/Downloads/SFML-2.5.1-sources/SFML-2.5.1/include/SFML/Window/Context.hpp...
  Parsing file C:/Users/claud/Downloads/SFML-2.5.1-sources/SFML-2.5.1/include/SFML/Window/Context.hpp...
  Preprocessing C:/Users/claud/Downloads/SFML-2.5.1-sources/SFML-2.5.1/include/SFML/Window/ContextSettings.hpp...
  Parsing file C:/Users/claud/Downloads/SFML-2.5.1-sources/SFML-2.5.1/include/SFML/Window/ContextSettings.hpp...
  Preprocessing C:/Users/claud/Downloads/SFML-2.5.1-sources/SFML-2.5.1/include/SFML/Window/Cursor.hpp...
  Parsing file C:/Users/claud/Downloads/SFML-2.5.1-sources/SFML-2.5.1/include/SFML/Window/Cursor.hpp...
  Preprocessing C:/Users/claud/Downloads/SFML-2.5.1-sources/SFML-2.5.1/include/SFML/Window/Event.hpp...
  Parsing file C:/Users/claud/Downloads/SFML-2.5.1-sources/SFML-2.5.1/include/SFML/Window/Event.hpp...
  Preprocessing C:/Users/claud/Downloads/SFML-2.5.1-sources/SFML-2.5.1/include/SFML/Window/Export.hpp...
  Parsing file C:/Users/claud/Downloads/SFML-2.5.1-sources/SFML-2.5.1/include/SFML/Window/Export.hpp...
  Preprocessing C:/Users/claud/Downloads/SFML-2.5.1-sources/SFML-2.5.1/include/SFML/Window/GlResource.hpp...
  Parsing file C:/Users/claud/Downloads/SFML-2.5.1-sources/SFML-2.5.1/include/SFML/Window/GlResource.hpp...
  Preprocessing C:/Users/claud/Downloads/SFML-2.5.1-sources/SFML-2.5.1/include/SFML/Window/Joystick.hpp...
  Parsing file C:/Users/claud/Downloads/SFML-2.5.1-sources/SFML-2.5.1/include/SFML/Window/Joystick.hpp...
  Preprocessing C:/Users/claud/Downloads/SFML-2.5.1-sources/SFML-2.5.1/include/SFML/Window/Keyboard.hpp...
  Parsing file C:/Users/claud/Downloads/SFML-2.5.1-sources/SFML-2.5.1/include/SFML/Window/Keyboard.hpp...
  Preprocessing C:/Users/claud/Downloads/SFML-2.5.1-sources/SFML-2.5.1/include/SFML/Window/Mouse.hpp...
  Parsing file C:/Users/claud/Downloads/SFML-2.5.1-sources/SFML-2.5.1/include/SFML/Window/Mouse.hpp...
  Preprocessing C:/Users/claud/Downloads/SFML-2.5.1-sources/SFML-2.5.1/include/SFML/Window/Sensor.hpp...
  Parsing file C:/Users/claud/Downloads/SFML-2.5.1-sources/SFML-2.5.1/include/SFML/Window/Sensor.hpp...
  Preprocessing C:/Users/claud/Downloads/SFML-2.5.1-sources/SFML-2.5.1/include/SFML/Window/Touch.hpp...
  Parsing file C:/Users/claud/Downloads/SFML-2.5.1-sources/SFML-2.5.1/include/SFML/Window/Touch.hpp...
  Preprocessing C:/Users/claud/Downloads/SFML-2.5.1-sources/SFML-2.5.1/include/SFML/Window/VideoMode.hpp...
  Parsing file C:/Users/claud/Downloads/SFML-2.5.1-sources/SFML-2.5.1/include/SFML/Window/VideoMode.hpp...
  Preprocessing C:/Users/claud/Downloads/SFML-2.5.1-sources/SFML-2.5.1/include/SFML/Window/Window.hpp...
  Parsing file C:/Users/claud/Downloads/SFML-2.5.1-sources/SFML-2.5.1/include/SFML/Window/Window.hpp...
  Preprocessing C:/Users/claud/Downloads/SFML-2.5.1-sources/SFML-2.5.1/include/SFML/Window/WindowHandle.hpp...
  Parsing file C:/Users/claud/Downloads/SFML-2.5.1-sources/SFML-2.5.1/include/SFML/Window/WindowHandle.hpp...
  Preprocessing C:/Users/claud/Downloads/SFML-2.5.1-sources/SFML-2.5.1/include/SFML/Window/WindowStyle.hpp...
  Parsing file C:/Users/claud/Downloads/SFML-2.5.1-sources/SFML-2.5.1/include/SFML/Window/WindowStyle.hpp...
  Preprocessing C:/Users/claud/Downloads/SFML-2.5.1-sources/SFML-2.5.1/doc/mainpage.hpp...
  Parsing file C:/Users/claud/Downloads/SFML-2.5.1-sources/SFML-2.5.1/doc/mainpage.hpp...
  Building macro definition list...
  Building group list...
  Building directory list...
  Building namespace list...
  Building file list...
  Building class list...
  Building concept list...
  Computing nesting relations for classes...
  Associating documentation with classes...
  Associating documentation with concepts...
  Building example list...
  Searching for enumerations...
  Searching for documented typedefs...
  Searching for members imported via using declarations...
  Searching for included using directives...
  Searching for documented variables...
  Building interface member list...
  Building member list...
  Searching for friends...
  Searching for documented defines...
  Computing class inheritance relations...
  Computing class usage relations...
  Flushing cached template relations that have become invalid...
  Computing class relations...
  Add enum values to enums...
  Searching for member function documentation...
  Creating members for template instances...
  Building page list...
  Search for main page...
  Computing page relations...
  Determining the scope of groups...
  Sorting lists...
  Determining which enums are documented
  Computing member relations...
  Building full member lists recursively...
  Adding members to member groups.
  Computing member references...
  Inheriting documentation...
  Generating disk names...
  Adding source references...
  Adding xrefitems...
  Sorting member lists...
  Setting anonymous enum type...
  Computing dependencies between directories...
  Generating citations page...
  Counting members...
  Counting data structures...
  Resolving user defined references...
  Finding anchors and sections in the documentation...
  Transferring function references...
  Combining using relations...
  Adding members to index pages...
  Correcting members for VHDL...
  Computing tooltip texts...
  Generating style sheet...
  Generating search indices...
  Generating example documentation...
  Generating file sources...
  Generating code for file mainpage.hpp...
  Generating code for file Audio.hpp...
  Generating code for file AlResource.hpp...
  Generating code for file Export.hpp...
  Generating code for file Export.hpp...
  Generating code for file Export.hpp...
  Generating code for file Export.hpp...
  Generating code for file Export.hpp...
  Generating code for file InputSoundFile.hpp...
  Generating code for file Listener.hpp...
  Generating code for file Music.hpp...
  Generating code for file OutputSoundFile.hpp...
  Generating code for file Sound.hpp...
  Generating code for file SoundBuffer.hpp...
  Generating code for file SoundBufferRecorder.hpp...
  Generating code for file SoundFileFactory.hpp...
  Generating code for file SoundFileReader.hpp...
  Generating code for file SoundFileWriter.hpp...
  Generating code for file SoundRecorder.hpp...
  Generating code for file SoundSource.hpp...
  Generating code for file SoundStream.hpp...
  Generating code for file Config.hpp...
  Generating code for file GpuPreference.hpp...
  Generating code for file Graphics.hpp...
  Generating code for file BlendMode.hpp...
  Generating code for file CircleShape.hpp...
  Generating code for file Color.hpp...
  Generating code for file ConvexShape.hpp...
  Generating code for file Drawable.hpp...
  Generating code for file Font.hpp...
  Generating code for file Glsl.hpp...
  Generating code for file Glyph.hpp...
  Generating code for file Image.hpp...
  Generating code for file PrimitiveType.hpp...
  Generating code for file Rect.hpp...
  Generating code for file RectangleShape.hpp...
  Generating code for file RenderStates.hpp...
  Generating code for file RenderTarget.hpp...
  Generating code for file RenderTexture.hpp...
  Generating code for file RenderWindow.hpp...
  Generating code for file Shader.hpp...
  Generating code for file Shape.hpp...
  Generating code for file Sprite.hpp...
  Generating code for file Text.hpp...
  Generating code for file Texture.hpp...
  Generating code for file Transform.hpp...
  Generating code for file Transformable.hpp...
  Generating code for file Vertex.hpp...
  Generating code for file VertexArray.hpp...
  Generating code for file VertexBuffer.hpp...
  Generating code for file View.hpp...
  Generating code for file Main.hpp...
  Generating code for file Network.hpp...
  Generating code for file Ftp.hpp...
  Generating code for file Http.hpp...
  Generating code for file IpAddress.hpp...
  Generating code for file Packet.hpp...
  Generating code for file Socket.hpp...
  Generating code for file SocketHandle.hpp...
  Generating code for file SocketSelector.hpp...
  Generating code for file TcpListener.hpp...
  Generating code for file TcpSocket.hpp...
  Generating code for file UdpSocket.hpp...
  Generating code for file OpenGL.hpp...
  Generating code for file System.hpp...
  Generating code for file Clock.hpp...
  Generating code for file Err.hpp...
  Generating code for file FileInputStream.hpp...
  Generating code for file InputStream.hpp...
  Generating code for file Lock.hpp...
  Generating code for file MemoryInputStream.hpp...
  Generating code for file Mutex.hpp...
  Generating code for file NativeActivity.hpp...
  Generating code for file NonCopyable.hpp...
  Generating code for file Sleep.hpp...
  Generating code for file String.hpp...
  Generating code for file Thread.hpp...
  Generating code for file ThreadLocal.hpp...
  Generating code for file ThreadLocalPtr.hpp...
  Generating code for file Time.hpp...
  Generating code for file Utf.hpp...
  Generating code for file Vector2.hpp...
  Generating code for file Vector3.hpp...
  Generating code for file Clipboard.hpp...
  Generating code for file Context.hpp...
  Generating code for file ContextSettings.hpp...
  Generating code for file Cursor.hpp...
  Generating code for file Event.hpp...
  Generating code for file GlResource.hpp...
  Generating code for file Joystick.hpp...
  Generating code for file Keyboard.hpp...
  Generating code for file Mouse.hpp...
  Generating code for file Sensor.hpp...
  Generating code for file Touch.hpp...
  Generating code for file VideoMode.hpp...
  Generating code for file Window.hpp...
  Generating code for file Window.hpp...
  Generating code for file WindowHandle.hpp...
  Generating code for file WindowStyle.hpp...
  Generating file documentation...
  Generating docs for file GpuPreference.hpp...
  Generating page documentation...
  Generating docs for page deprecated...
  Generating group documentation...
  Generating class documentation...
  Generating concept documentation...
  Generating namespace index...
  Generating docs for compound sf::AlResource...
  Generating docs for compound sf::BlendMode...
  Generating docs for compound sf::CircleShape...
  Generating docs for compound sf::Clipboard...
  Generating docs for compound sf::Clock...
  Generating docs for compound sf::Color...
  Generating docs for compound sf::Context...
  Generating docs for compound sf::ContextSettings...
  Generating docs for compound sf::ConvexShape...
  Generating docs for compound sf::Cursor...
  Generating docs for compound sf::Drawable...
  Generating docs for compound sf::Event...
  Generating docs for nested compound sf::Event::JoystickButtonEvent...
  C:/Users/claud/Downloads/SFML-2.5.1-sources/SFML-2.5.1/include/SFML/Audio/Music.hpp:87: warning: Member TimeSpan (typedef) of class sf::Music is not documented.
  <operator<<>:1: warning: parameters of member sf::Packet::operator<< are not documented
  <operator<<>:1: warning: return type of member sf::Packet::operator<< is not documented
  <operator<<>:1: warning: parameters of member sf::Packet::operator<< are not documented
  <operator<<>:1: warning: return type of member sf::Packet::operator<< is not documented
  <operator<<>:1: warning: parameters of member sf::Packet::operator<< are not documented
  <operator<<>:1: warning: return type of member sf::Packet::operator<< is not documented
  <operator<<>:1: warning: parameters of member sf::Packet::operator<< are not documented
  <operator<<>:1: warning: return type of member sf::Packet::operator<< is not documented
  <operator<<>:1: warning: parameters of member sf::Packet::operator<< are not documented
  <operator<<>:1: warning: return type of member sf::Packet::operator<< is not documented
  <operator<<>:1: warning: parameters of member sf::Packet::operator<< are not documented
  <operator<<>:1: warning: return type of member sf::Packet::operator<< is not documented
  <operator<<>:1: warning: parameters of member sf::Packet::operator<< are not documented
  <operator<<>:1: warning: return type of member sf::Packet::operator<< is not documented
  <operator<<>:1: warning: parameters of member sf::Packet::operator<< are not documented
  <operator<<>:1: warning: return type of member sf::Packet::operator<< is not documented
  <operator<<>:1: warning: parameters of member sf::Packet::operator<< are not documented
  <operator<<>:1: warning: return type of member sf::Packet::operator<< is not documented
  <operator<<>:1: warning: parameters of member sf::Packet::operator<< are not documented
  <operator<<>:1: warning: return type of member sf::Packet::operator<< is not documented
  <operator<<>:1: warning: parameters of member sf::Packet::operator<< are not documented
  <operator<<>:1: warning: return type of member sf::Packet::operator<< is not documented
  <operator<<>:1: warning: parameters of member sf::Packet::operator<< are not documented
  <operator<<>:1: warning: return type of member sf::Packet::operator<< is not documented
  <operator<<>:1: warning: parameters of member sf::Packet::operator<< are not documented
  <operator<<>:1: warning: return type of member sf::Packet::operator<< is not documented
  <operator<<>:1: warning: parameters of member sf::Packet::operator<< are not documented
  <operator<<>:1: warning: return type of member sf::Packet::operator<< is not documented
  <operator<<>:1: warning: parameters of member sf::Packet::operator<< are not documented
  <operator<<>:1: warning: return type of member sf::Packet::operator<< is not documented
  <operator<<>:1: warning: parameters of member sf::Packet::operator<< are not documented
  <operator<<>:1: warning: return type of member sf::Packet::operator<< is not documented
  <operator>>>:1: warning: parameters of member sf::Packet::operator>> are not documented
  <operator>>>:1: warning: return type of member sf::Packet::operator>> is not documented
  <operator>>>:1: warning: parameters of member sf::Packet::operator>> are not documented
  <operator>>>:1: warning: return type of member sf::Packet::operator>> is not documented
  <operator>>>:1: warning: parameters of member sf::Packet::operator>> are not documented
  <operator>>>:1: warning: return type of member sf::Packet::operator>> is not documented
  <operator>>>:1: warning: parameters of member sf::Packet::operator>> are not documented
  <operator>>>:1: warning: return type of member sf::Packet::operator>> is not documented
  <operator>>>:1: warning: parameters of member sf::Packet::operator>> are not documented
  <operator>>>:1: warning: return type of member sf::Packet::operator>> is not documented
  <operator>>>:1: warning: parameters of member sf::Packet::operator>> are not documented
  <operator>>>:1: warning: return type of member sf::Packet::operator>> is not documented
  <operator>>>:1: warning: parameters of member sf::Packet::operator>> are not documented
  <operator>>>:1: warning: return type of member sf::Packet::operator>> is not documented
  <operator>>>:1: warning: parameters of member sf::Packet::operator>> are not documented
  <operator>>>:1: warning: return type of member sf::Packet::operator>> is not documented
  <operator>>>:1: warning: parameters of member sf::Packet::operator>> are not documented
  <operator>>>:1: warning: return type of member sf::Packet::operator>> is not documented
  <operator>>>:1: warning: parameters of member sf::Packet::operator>> are not documented
  <operator>>>:1: warning: return type of member sf::Packet::operator>> is not documented
  <operator>>>:1: warning: parameters of member sf::Packet::operator>> are not documented
  <operator>>>:1: warning: return type of member sf::Packet::operator>> is not documented
  <operator>>>:1: warning: parameters of member sf::Packet::operator>> are not documented
  <operator>>>:1: warning: return type of member sf::Packet::operator>> is not documented
  <operator>>>:1: warning: parameters of member sf::Packet::operator>> are not documented
  <operator>>>:1: warning: return type of member sf::Packet::operator>> is not documented
  <operator>>>:1: warning: parameters of member sf::Packet::operator>> are not documented
  <operator>>>:1: warning: return type of member sf::Packet::operator>> is not documented
  <operator>>>:1: warning: parameters of member sf::Packet::operator>> are not documented
  <operator>>>:1: warning: return type of member sf::Packet::operator>> is not documented
  <operator>>>:1: warning: parameters of member sf::Packet::operator>> are not documented
  <operator>>>:1: warning: return type of member sf::Packet::operator>> is not documented
  C:/Users/claud/Downloads/SFML-2.5.1-sources/SFML-2.5.1/include/SFML/Graphics/Shader.hpp:599: warning: parameters of member sf::Shader::setParameter are not documented
  C:/Users/claud/Downloads/SFML-2.5.1-sources/SFML-2.5.1/include/SFML/Graphics/Shader.hpp:615: warning: parameters of member sf::Shader::setParameter are not documented
  C:/Users/claud/Downloads/SFML-2.5.1-sources/SFML-2.5.1/include/SFML/Graphics/Shader.hpp:607: warning: parameters of member sf::Shader::setParameter are not documented
  C:/Users/claud/Downloads/SFML-2.5.1-sources/SFML-2.5.1/include/SFML/Graphics/Shader.hpp:583: warning: parameters of member sf::Shader::setParameter are not documented
  C:/Users/claud/Downloads/SFML-2.5.1-sources/SFML-2.5.1/include/SFML/Graphics/Shader.hpp:591: warning: parameters of member sf::Shader::setParameter are not documented
  C:/Users/claud/Downloads/SFML-2.5.1-sources/SFML-2.5.1/include/SFML/Graphics/Shader.hpp:623: warning: parameters of member sf::Shader::setParameter are not documented
  C:/Users/claud/Downloads/SFML-2.5.1-sources/SFML-2.5.1/include/SFML/Graphics/Shader.hpp:551: warning: parameters of member sf::Shader::setParameter are not documented
  C:/Users/claud/Downloads/SFML-2.5.1-sources/SFML-2.5.1/include/SFML/Graphics/Shader.hpp:559: warning: parameters of member sf::Shader::setParameter are not documented
  C:/Users/claud/Downloads/SFML-2.5.1-sources/SFML-2.5.1/include/SFML/Graphics/Shader.hpp:567: warning: parameters of member sf::Shader::setParameter are not documented
  C:/Users/claud/Downloads/SFML-2.5.1-sources/SFML-2.5.1/include/SFML/Graphics/Shader.hpp:575: warning: parameters of member sf::Shader::setParameter are not documented
  Generating docs for nested compound sf::Event::JoystickConnectEvent...
  Generating docs for nested compound sf::Event::JoystickMoveEvent...
  Generating docs for nested compound sf::Event::KeyEvent...
  Generating docs for nested compound sf::Event::MouseButtonEvent...
  Generating docs for nested compound sf::Event::MouseMoveEvent...
  Generating docs for nested compound sf::Event::MouseWheelEvent...
  Generating docs for nested compound sf::Event::MouseWheelScrollEvent...
  Generating docs for nested compound sf::Event::SensorEvent...
  Generating docs for nested compound sf::Event::SizeEvent...
  Generating docs for nested compound sf::Event::TextEvent...
  Generating docs for nested compound sf::Event::TouchEvent...
  Generating docs for compound sf::FileInputStream...
  Generating docs for compound sf::Font...
  Generating docs for nested compound sf::Font::Info...
  Generating docs for compound sf::Ftp...
  Generating docs for nested compound sf::Ftp::DirectoryResponse...
  Generating docs for nested compound sf::Ftp::ListingResponse...
  Generating docs for nested compound sf::Ftp::Response...
  Generating docs for compound sf::GlResource...
  Generating docs for nested compound sf::GlResource::TransientContextLock...
  Generating docs for compound sf::Glyph...
  Generating docs for compound sf::Http...
  Generating docs for nested compound sf::Http::Request...
  Generating docs for nested compound sf::Http::Response...
  Generating docs for compound sf::Image...
  Generating docs for compound sf::InputSoundFile...
  Generating docs for compound sf::InputStream...
  Generating docs for compound sf::IpAddress...
  Generating docs for compound sf::Joystick...
  Generating docs for nested compound sf::Joystick::Identification...
  Generating docs for compound sf::Keyboard...
  Generating docs for compound sf::Listener...
  Generating docs for compound sf::Lock...
  Generating docs for compound sf::MemoryInputStream...
  Generating docs for compound sf::Mouse...
  Generating docs for compound sf::Music...
  Generating docs for nested compound sf::Music::Span...
  Generating docs for compound sf::Mutex...
  Generating docs for compound sf::NonCopyable...
  Generating docs for compound sf::OutputSoundFile...
  Generating docs for compound sf::Packet...
  Generating docs for compound sf::Rect...
  Generating docs for compound sf::RectangleShape...
  Generating docs for compound sf::RenderStates...
  Generating docs for compound sf::RenderTarget...
  Generating docs for compound sf::RenderTexture...
  Generating docs for compound sf::RenderWindow...
  Generating docs for compound sf::Sensor...
  Generating docs for compound sf::Shader...
  Generating docs for nested compound sf::Shader::CurrentTextureType...
  Generating docs for compound sf::Shape...
  Generating docs for compound sf::Socket...
  Generating docs for compound sf::SocketSelector...
  Generating docs for compound sf::Sound...
  Generating docs for compound sf::SoundBuffer...
  Generating docs for compound sf::SoundBufferRecorder...
  Generating docs for compound sf::SoundFileFactory...
  Generating docs for compound sf::SoundFileReader...
  Generating docs for nested compound sf::SoundFileReader::Info...
  Generating docs for compound sf::SoundFileWriter...
  Generating docs for compound sf::SoundRecorder...
  Generating docs for compound sf::SoundSource...
  Generating docs for compound sf::SoundStream...
  Generating docs for nested compound sf::SoundStream::Chunk...
  Generating docs for compound sf::Sprite...
  Generating docs for compound sf::String...
  Generating docs for compound sf::TcpListener...
  Generating docs for compound sf::TcpSocket...
  Generating docs for compound sf::Text...
  Generating docs for compound sf::Texture...
  Generating docs for compound sf::Thread...
  Generating docs for compound sf::ThreadLocal...
  Generating docs for compound sf::ThreadLocalPtr...
  Generating docs for compound sf::Time...
  Generating docs for compound sf::Touch...
  Generating docs for compound sf::Transform...
  Generating docs for compound sf::Transformable...
  Generating docs for compound sf::UdpSocket...
  Generating docs for compound sf::Utf...
  Generating docs for compound sf::Utf< 16 >...
  Generating docs for compound sf::Utf< 32 >...
  Generating docs for compound sf::Utf< 8 >...
  Generating docs for compound sf::Vector2...
  Generating docs for compound sf::Vector3...
  Generating docs for compound sf::Vertex...
  Generating docs for compound sf::VertexArray...
  Generating docs for compound sf::VertexBuffer...
  Generating docs for compound sf::VideoMode...
  Generating docs for compound sf::View...
  Generating docs for compound sf::Window...
  Generating docs for namespace sf::Glsl
  Generating graph info page...
  Generating directory documentation...
  Generating index page...
  Generating page index...
  Generating module index...
  Generating namespace index...
  Generating namespace member index...
  Generating concept index...
  Generating annotated compound index...
  Generating alphabetical compound index...
  Generating hierarchical class index...
  Generating member index...
  Generating file index...
  Generating file member index...
  Generating example index...
  finalizing index lists...
  writing tag file...
  Running plantuml with JAVA...
  lookup cache used 3347/65536 hits=17352 misses=3765
  finished...
  Done.
