  main.cpp
C:\Users\claud\OneDrive\Documenti\JUCE\exercises\juce-frattalatore-capr\FractalWindow\Fractal.h(22,26): warning C4244: 'return': conversione da 'const double' a 'int'. Possibile perdita di dati.
C:\Users\claud\OneDrive\Documenti\JUCE\exercises\juce-frattalatore-capr\FractalWindow\Fractal.h(23,26): warning C4244: 'return': conversione da 'const double' a 'int'. Possibile perdita di dati.
C:\Users\claud\OneDrive\Documenti\JUCE\exercises\juce-frattalatore-capr\FractalWindow\Fractal.h(24,26): warning C4244: 'return': conversione da 'const double' a 'int'. Possibile perdita di dati.
C:\Users\claud\OneDrive\Documenti\JUCE\exercises\juce-frattalatore-capr\FractalWindow\Fractal.h(25,26): warning C4244: 'return': conversione da 'const double' a 'int'. Possibile perdita di dati.
C:\Users\claud\OneDrive\Documenti\JUCE\exercises\juce-frattalatore-capr\FractalWindow\Fractal.h(26,22): warning C4244: 'return': conversione da 'const double' a 'int'. Possibile perdita di dati.
C:\Users\claud\OneDrive\Documenti\JUCE\exercises\juce-frattalatore-capr\FractalWindow\Fractal.h(27,22): warning C4244: 'return': conversione da 'const double' a 'int'. Possibile perdita di dati.
C:\Users\claud\OneDrive\Documenti\JUCE\exercises\juce-frattalatore-capr\FractalWindow\Fractal.h(32,27): warning C4244: 'return': conversione da 'double' a 'int'. Possibile perdita di dati.
C:\Users\claud\OneDrive\Documenti\JUCE\exercises\juce-frattalatore-capr\FractalWindow\Fractal.h(34,27): warning C4244: 'return': conversione da 'double' a 'int'. Possibile perdita di dati.
C:\Users\claud\OneDrive\Documenti\JUCE\exercises\juce-frattalatore-capr\FractalWindow\main.cpp(38,55): warning C4244: 'argomento': conversione da 'T' a 'float'. Possibile perdita di dati.
          with
          [
              T=unsigned int
          ]
C:\Users\claud\OneDrive\Documenti\JUCE\exercises\juce-frattalatore-capr\FractalWindow\main.cpp(38,37): warning C4244: 'argomento': conversione da 'T' a 'float'. Possibile perdita di dati.
          with
          [
              T=unsigned int
          ]
  Generazione codice in corso...
  19 of 299 functions ( 6.4%) were compiled, the rest were copied from previous compilation.
    0 functions were new in current compilation
    34 functions had inline decision re-evaluated but remain unchanged
  Generazione codice terminata
  FractalWindow.vcxproj -> C:\Users\claud\OneDrive\Documenti\JUCE\exercises\juce-frattalatore-capr\FractalWindow\x64\Release\FractalWindow.exe
