  changeParameters.cpp
C:\Users\claud\OneDrive\Documenti\JUCE\exercises\juce-frattalatore-capr\FractalWindow\Fractal.h(22,26): warning C4244: 'return': conversione da 'const double' a 'int'. Possibile perdita di dati.
C:\Users\claud\OneDrive\Documenti\JUCE\exercises\juce-frattalatore-capr\FractalWindow\Fractal.h(23,26): warning C4244: 'return': conversione da 'const double' a 'int'. Possibile perdita di dati.
C:\Users\claud\OneDrive\Documenti\JUCE\exercises\juce-frattalatore-capr\FractalWindow\Fractal.h(24,26): warning C4244: 'return': conversione da 'const double' a 'int'. Possibile perdita di dati.
C:\Users\claud\OneDrive\Documenti\JUCE\exercises\juce-frattalatore-capr\FractalWindow\Fractal.h(25,26): warning C4244: 'return': conversione da 'const double' a 'int'. Possibile perdita di dati.
C:\Users\claud\OneDrive\Documenti\JUCE\exercises\juce-frattalatore-capr\FractalWindow\Fractal.h(26,22): warning C4244: 'return': conversione da 'const double' a 'int'. Possibile perdita di dati.
C:\Users\claud\OneDrive\Documenti\JUCE\exercises\juce-frattalatore-capr\FractalWindow\Fractal.h(27,22): warning C4244: 'return': conversione da 'const double' a 'int'. Possibile perdita di dati.
C:\Users\claud\OneDrive\Documenti\JUCE\exercises\juce-frattalatore-capr\FractalWindow\Fractal.h(32,27): warning C4244: 'return': conversione da 'double' a 'int'. Possibile perdita di dati.
C:\Users\claud\OneDrive\Documenti\JUCE\exercises\juce-frattalatore-capr\FractalWindow\Fractal.h(34,27): warning C4244: 'return': conversione da 'double' a 'int'. Possibile perdita di dati.
  Fractal.cpp
C:\Users\claud\OneDrive\Documenti\JUCE\exercises\juce-frattalatore-capr\FractalWindow\Fractal.h(22,26): warning C4244: 'return': conversione da 'const double' a 'int'. Possibile perdita di dati.
C:\Users\claud\OneDrive\Documenti\JUCE\exercises\juce-frattalatore-capr\FractalWindow\Fractal.h(23,26): warning C4244: 'return': conversione da 'const double' a 'int'. Possibile perdita di dati.
C:\Users\claud\OneDrive\Documenti\JUCE\exercises\juce-frattalatore-capr\FractalWindow\Fractal.h(24,26): warning C4244: 'return': conversione da 'const double' a 'int'. Possibile perdita di dati.
C:\Users\claud\OneDrive\Documenti\JUCE\exercises\juce-frattalatore-capr\FractalWindow\Fractal.h(25,26): warning C4244: 'return': conversione da 'const double' a 'int'. Possibile perdita di dati.
C:\Users\claud\OneDrive\Documenti\JUCE\exercises\juce-frattalatore-capr\FractalWindow\Fractal.h(26,22): warning C4244: 'return': conversione da 'const double' a 'int'. Possibile perdita di dati.
C:\Users\claud\OneDrive\Documenti\JUCE\exercises\juce-frattalatore-capr\FractalWindow\Fractal.h(27,22): warning C4244: 'return': conversione da 'const double' a 'int'. Possibile perdita di dati.
C:\Users\claud\OneDrive\Documenti\JUCE\exercises\juce-frattalatore-capr\FractalWindow\Fractal.h(32,27): warning C4244: 'return': conversione da 'double' a 'int'. Possibile perdita di dati.
C:\Users\claud\OneDrive\Documenti\JUCE\exercises\juce-frattalatore-capr\FractalWindow\Fractal.h(34,27): warning C4244: 'return': conversione da 'double' a 'int'. Possibile perdita di dati.
C:\Users\claud\OneDrive\Documenti\JUCE\exercises\juce-frattalatore-capr\FractalWindow\Fractal.cpp(88,68): warning C4244: 'argomento': conversione da 'double' a 'sf::Uint8'. Possibile perdita di dati.
C:\Users\claud\OneDrive\Documenti\JUCE\exercises\juce-frattalatore-capr\FractalWindow\Fractal.cpp(88,49): warning C4244: 'argomento': conversione da 'double' a 'sf::Uint8'. Possibile perdita di dati.
C:\Users\claud\OneDrive\Documenti\JUCE\exercises\juce-frattalatore-capr\FractalWindow\Fractal.cpp(88,30): warning C4244: 'argomento': conversione da 'double' a 'sf::Uint8'. Possibile perdita di dati.
C:\Users\claud\OneDrive\Documenti\JUCE\exercises\juce-frattalatore-capr\FractalWindow\Fractal.cpp(93,12): warning C4244: '=': conversione da 'double' a 'int'. Possibile perdita di dati.
C:\Users\claud\OneDrive\Documenti\JUCE\exercises\juce-frattalatore-capr\FractalWindow\Fractal.cpp(98,12): warning C4244: '=': conversione da 'double' a 'int'. Possibile perdita di dati.
  main.cpp
C:\Users\claud\OneDrive\Documenti\JUCE\exercises\juce-frattalatore-capr\FractalWindow\Fractal.h(22,26): warning C4244: 'return': conversione da 'const double' a 'int'. Possibile perdita di dati.
C:\Users\claud\OneDrive\Documenti\JUCE\exercises\juce-frattalatore-capr\FractalWindow\Fractal.h(23,26): warning C4244: 'return': conversione da 'const double' a 'int'. Possibile perdita di dati.
C:\Users\claud\OneDrive\Documenti\JUCE\exercises\juce-frattalatore-capr\FractalWindow\Fractal.h(24,26): warning C4244: 'return': conversione da 'const double' a 'int'. Possibile perdita di dati.
C:\Users\claud\OneDrive\Documenti\JUCE\exercises\juce-frattalatore-capr\FractalWindow\Fractal.h(25,26): warning C4244: 'return': conversione da 'const double' a 'int'. Possibile perdita di dati.
C:\Users\claud\OneDrive\Documenti\JUCE\exercises\juce-frattalatore-capr\FractalWindow\Fractal.h(26,22): warning C4244: 'return': conversione da 'const double' a 'int'. Possibile perdita di dati.
C:\Users\claud\OneDrive\Documenti\JUCE\exercises\juce-frattalatore-capr\FractalWindow\Fractal.h(27,22): warning C4244: 'return': conversione da 'const double' a 'int'. Possibile perdita di dati.
C:\Users\claud\OneDrive\Documenti\JUCE\exercises\juce-frattalatore-capr\FractalWindow\Fractal.h(32,27): warning C4244: 'return': conversione da 'double' a 'int'. Possibile perdita di dati.
C:\Users\claud\OneDrive\Documenti\JUCE\exercises\juce-frattalatore-capr\FractalWindow\Fractal.h(34,27): warning C4244: 'return': conversione da 'double' a 'int'. Possibile perdita di dati.
C:\Users\claud\OneDrive\Documenti\JUCE\exercises\juce-frattalatore-capr\FractalWindow\main.cpp(18,55): warning C4244: 'argomento': conversione da 'T' a 'float'. Possibile perdita di dati.
          with
          [
              T=unsigned int
          ]
C:\Users\claud\OneDrive\Documenti\JUCE\exercises\juce-frattalatore-capr\FractalWindow\main.cpp(18,37): warning C4244: 'argomento': conversione da 'T' a 'float'. Possibile perdita di dati.
          with
          [
              T=unsigned int
          ]
  MainMenu.cpp
  threeValuesArray.cpp
C:\Users\claud\OneDrive\Documenti\JUCE\exercises\juce-frattalatore-capr\FractalWindow\Fractal.h(22,26): warning C4244: 'return': conversione da 'const double' a 'int'. Possibile perdita di dati.
C:\Users\claud\OneDrive\Documenti\JUCE\exercises\juce-frattalatore-capr\FractalWindow\Fractal.h(23,26): warning C4244: 'return': conversione da 'const double' a 'int'. Possibile perdita di dati.
C:\Users\claud\OneDrive\Documenti\JUCE\exercises\juce-frattalatore-capr\FractalWindow\Fractal.h(24,26): warning C4244: 'return': conversione da 'const double' a 'int'. Possibile perdita di dati.
C:\Users\claud\OneDrive\Documenti\JUCE\exercises\juce-frattalatore-capr\FractalWindow\Fractal.h(25,26): warning C4244: 'return': conversione da 'const double' a 'int'. Possibile perdita di dati.
C:\Users\claud\OneDrive\Documenti\JUCE\exercises\juce-frattalatore-capr\FractalWindow\Fractal.h(26,22): warning C4244: 'return': conversione da 'const double' a 'int'. Possibile perdita di dati.
C:\Users\claud\OneDrive\Documenti\JUCE\exercises\juce-frattalatore-capr\FractalWindow\Fractal.h(27,22): warning C4244: 'return': conversione da 'const double' a 'int'. Possibile perdita di dati.
C:\Users\claud\OneDrive\Documenti\JUCE\exercises\juce-frattalatore-capr\FractalWindow\Fractal.h(32,27): warning C4244: 'return': conversione da 'double' a 'int'. Possibile perdita di dati.
C:\Users\claud\OneDrive\Documenti\JUCE\exercises\juce-frattalatore-capr\FractalWindow\Fractal.h(34,27): warning C4244: 'return': conversione da 'double' a 'int'. Possibile perdita di dati.
C:\Users\claud\OneDrive\Documenti\JUCE\exercises\juce-frattalatore-capr\FractalWindow\threeValuesArray.cpp(26,17): warning C4244: 'inizializzazione': conversione da 'double' a 'int'. Possibile perdita di dati.
C:\Users\claud\OneDrive\Documenti\JUCE\exercises\juce-frattalatore-capr\FractalWindow\threeValuesArray.cpp(27,17): warning C4244: 'inizializzazione': conversione da 'double' a 'int'. Possibile perdita di dati.
C:\Users\claud\OneDrive\Documenti\JUCE\exercises\juce-frattalatore-capr\FractalWindow\threeValuesArray.cpp(42,23): warning C4018: '<': errata corrispondenza tra signed e unsigned
C:\Users\claud\OneDrive\Documenti\JUCE\exercises\juce-frattalatore-capr\FractalWindow\threeValuesArray.cpp(59,13): warning C4244: 'inizializzazione': conversione da 'double' a 'int'. Possibile perdita di dati.
C:\Users\claud\OneDrive\Documenti\JUCE\exercises\juce-frattalatore-capr\FractalWindow\threeValuesArray.cpp(60,13): warning C4244: 'inizializzazione': conversione da 'double' a 'int'. Possibile perdita di dati.
C:\Users\claud\OneDrive\Documenti\JUCE\exercises\juce-frattalatore-capr\FractalWindow\threeValuesArray.cpp(65,15): warning C4244: '=': conversione da 'double' a 'int'. Possibile perdita di dati.
C:\Users\claud\OneDrive\Documenti\JUCE\exercises\juce-frattalatore-capr\FractalWindow\threeValuesArray.cpp(66,15): warning C4244: '=': conversione da 'double' a 'int'. Possibile perdita di dati.
C:\Users\claud\OneDrive\Documenti\JUCE\exercises\juce-frattalatore-capr\FractalWindow\threeValuesArray.cpp(82,17): warning C4244: 'inizializzazione': conversione da 'double' a 'int'. Possibile perdita di dati.
C:\Users\claud\OneDrive\Documenti\JUCE\exercises\juce-frattalatore-capr\FractalWindow\threeValuesArray.cpp(83,17): warning C4244: 'inizializzazione': conversione da 'double' a 'int'. Possibile perdita di dati.
C:\Users\claud\OneDrive\Documenti\JUCE\exercises\juce-frattalatore-capr\FractalWindow\threeValuesArray.cpp(89,19): warning C4244: '=': conversione da 'double' a 'int'. Possibile perdita di dati.
C:\Users\claud\OneDrive\Documenti\JUCE\exercises\juce-frattalatore-capr\FractalWindow\threeValuesArray.cpp(90,19): warning C4244: '=': conversione da 'double' a 'int'. Possibile perdita di dati.
C:\Users\claud\OneDrive\Documenti\JUCE\exercises\juce-frattalatore-capr\FractalWindow\threeValuesArray.cpp(100,23): warning C4018: '<': errata corrispondenza tra signed e unsigned
C:\Users\claud\OneDrive\Documenti\JUCE\exercises\juce-frattalatore-capr\FractalWindow\threeValuesArray.cpp(117,13): warning C4244: 'inizializzazione': conversione da 'double' a 'int'. Possibile perdita di dati.
C:\Users\claud\OneDrive\Documenti\JUCE\exercises\juce-frattalatore-capr\FractalWindow\threeValuesArray.cpp(118,13): warning C4244: 'inizializzazione': conversione da 'double' a 'int'. Possibile perdita di dati.
C:\Users\claud\OneDrive\Documenti\JUCE\exercises\juce-frattalatore-capr\FractalWindow\threeValuesArray.cpp(123,15): warning C4244: '=': conversione da 'double' a 'int'. Possibile perdita di dati.
C:\Users\claud\OneDrive\Documenti\JUCE\exercises\juce-frattalatore-capr\FractalWindow\threeValuesArray.cpp(124,15): warning C4244: '=': conversione da 'double' a 'int'. Possibile perdita di dati.
C:\Users\claud\OneDrive\Documenti\JUCE\exercises\juce-frattalatore-capr\FractalWindow\threeValuesArray.cpp(141,17): warning C4244: 'inizializzazione': conversione da 'double' a 'int'. Possibile perdita di dati.
C:\Users\claud\OneDrive\Documenti\JUCE\exercises\juce-frattalatore-capr\FractalWindow\threeValuesArray.cpp(142,17): warning C4244: 'inizializzazione': conversione da 'double' a 'int'. Possibile perdita di dati.
C:\Users\claud\OneDrive\Documenti\JUCE\exercises\juce-frattalatore-capr\FractalWindow\threeValuesArray.cpp(148,19): warning C4244: '=': conversione da 'double' a 'int'. Possibile perdita di dati.
C:\Users\claud\OneDrive\Documenti\JUCE\exercises\juce-frattalatore-capr\FractalWindow\threeValuesArray.cpp(149,19): warning C4244: '=': conversione da 'double' a 'int'. Possibile perdita di dati.
C:\Users\claud\OneDrive\Documenti\JUCE\exercises\juce-frattalatore-capr\FractalWindow\threeValuesArray.cpp(160,23): warning C4018: '<': errata corrispondenza tra signed e unsigned
C:\Users\claud\OneDrive\Documenti\JUCE\exercises\juce-frattalatore-capr\FractalWindow\threeValuesArray.cpp(186,17): warning C4244: 'inizializzazione': conversione da 'double' a 'int'. Possibile perdita di dati.
C:\Users\claud\OneDrive\Documenti\JUCE\exercises\juce-frattalatore-capr\FractalWindow\threeValuesArray.cpp(187,17): warning C4244: 'inizializzazione': conversione da 'double' a 'int'. Possibile perdita di dati.
C:\Users\claud\OneDrive\Documenti\JUCE\exercises\juce-frattalatore-capr\FractalWindow\threeValuesArray.cpp(204,23): warning C4018: '<': errata corrispondenza tra signed e unsigned
  Generazione del codice in corso...
Fractal.obj : error LNK2019: riferimento al simbolo esterno "__declspec(dllimport) public: __thiscall sf::Color::Color(unsigned char,unsigned char,unsigned char,unsigned char)" (__imp_??0Color@sf@@QAE@EEEE@Z) non risolto nella funzione "public: class sf::Color __thiscall Fractal::paint_fractal(int,int)" (?paint_fractal@Fractal@@QAE?AVColor@sf@@HH@Z)
main.obj : error LNK2001: simbolo esterno "__declspec(dllimport) public: __thiscall sf::Color::Color(unsigned char,unsigned char,unsigned char,unsigned char)" (__imp_??0Color@sf@@QAE@EEEE@Z) non risolto
threeValuesArray.obj : error LNK2001: simbolo esterno "__declspec(dllimport) public: __thiscall sf::Color::Color(unsigned char,unsigned char,unsigned char,unsigned char)" (__imp_??0Color@sf@@QAE@EEEE@Z) non risolto
main.obj : error LNK2019: riferimento al simbolo esterno "__declspec(dllimport) public: __thiscall sf::String::String(char const *,class std::locale const &)" (__imp_??0String@sf@@QAE@PBDABVlocale@std@@@Z) non risolto nella funzione _main
MainMenu.obj : error LNK2001: simbolo esterno "__declspec(dllimport) public: __thiscall sf::String::String(char const *,class std::locale const &)" (__imp_??0String@sf@@QAE@PBDABVlocale@std@@@Z) non risolto
main.obj : error LNK2019: riferimento al simbolo esterno "__declspec(dllimport) public: __thiscall sf::String::~String(void)" (__imp_??1String@sf@@QAE@XZ) non risolto nella funzione _main
MainMenu.obj : error LNK2001: simbolo esterno "__declspec(dllimport) public: __thiscall sf::String::~String(void)" (__imp_??1String@sf@@QAE@XZ) non risolto
main.obj : error LNK2019: riferimento al simbolo esterno "__declspec(dllimport) public: static class sf::Vector2<int> __cdecl sf::Mouse::getPosition(class sf::Window const &)" (__imp_?getPosition@Mouse@sf@@SA?AV?$Vector2@H@2@ABVWindow@2@@Z) non risolto nella funzione _main
main.obj : error LNK2019: riferimento al simbolo esterno "__declspec(dllimport) public: __thiscall sf::VideoMode::VideoMode(unsigned int,unsigned int,unsigned int)" (__imp_??0VideoMode@sf@@QAE@III@Z) non risolto nella funzione _main
main.obj : error LNK2019: riferimento al simbolo esterno "__declspec(dllimport) public: void __thiscall sf::Window::close(void)" (__imp_?close@Window@sf@@QAEXXZ) non risolto nella funzione _main
main.obj : error LNK2019: riferimento al simbolo esterno "__declspec(dllimport) public: bool __thiscall sf::Window::isOpen(void)const " (__imp_?isOpen@Window@sf@@QBE_NXZ) non risolto nella funzione _main
main.obj : error LNK2019: riferimento al simbolo esterno "__declspec(dllimport) public: bool __thiscall sf::Window::pollEvent(class sf::Event &)" (__imp_?pollEvent@Window@sf@@QAE_NAAVEvent@2@@Z) non risolto nella funzione _main
main.obj : error LNK2019: riferimento al simbolo esterno "__declspec(dllimport) public: void __thiscall sf::Window::display(void)" (__imp_?display@Window@sf@@QAEXXZ) non risolto nella funzione _main
main.obj : error LNK2019: riferimento al simbolo esterno "__declspec(dllimport) public: void __thiscall sf::Shape::setTexture(class sf::Texture const *,bool)" (__imp_?setTexture@Shape@sf@@QAEXPBVTexture@2@_N@Z) non risolto nella funzione _main
main.obj : error LNK2019: riferimento al simbolo esterno "__declspec(dllimport) public: __thiscall sf::Image::Image(void)" (__imp_??0Image@sf@@QAE@XZ) non risolto nella funzione _main
main.obj : error LNK2019: riferimento al simbolo esterno "__declspec(dllimport) public: __thiscall sf::Image::~Image(void)" (__imp_??1Image@sf@@QAE@XZ) non risolto nella funzione _main
main.obj : error LNK2019: riferimento al simbolo esterno "__declspec(dllimport) public: void __thiscall sf::Image::create(unsigned int,unsigned int,class sf::Color const &)" (__imp_?create@Image@sf@@QAEXIIABVColor@2@@Z) non risolto nella funzione _main
main.obj : error LNK2019: riferimento al simbolo esterno "__declspec(dllimport) public: void __thiscall sf::Image::setPixel(unsigned int,unsigned int,class sf::Color const &)" (__imp_?setPixel@Image@sf@@QAEXIIABVColor@2@@Z) non risolto nella funzione _main
main.obj : error LNK2019: riferimento al simbolo esterno "__declspec(dllimport) public: __thiscall sf::Texture::Texture(void)" (__imp_??0Texture@sf@@QAE@XZ) non risolto nella funzione _main
main.obj : error LNK2019: riferimento al simbolo esterno "__declspec(dllimport) public: __thiscall sf::Texture::~Texture(void)" (__imp_??1Texture@sf@@QAE@XZ) non risolto nella funzione _main
main.obj : error LNK2019: riferimento al simbolo esterno "__declspec(dllimport) public: bool __thiscall sf::Texture::loadFromFile(class std::basic_string<char,struct std::char_traits<char>,class std::allocator<char> > const &,class sf::Rect<int> const &)" (__imp_?loadFromFile@Texture@sf@@QAE_NABV?$basic_string@DU?$char_traits@D@std@@V?$allocator@D@2@@std@@ABV?$Rect@H@2@@Z) non risolto nella funzione _main
main.obj : error LNK2019: riferimento al simbolo esterno "__declspec(dllimport) public: bool __thiscall sf::Texture::loadFromImage(class sf::Image const &,class sf::Rect<int> const &)" (__imp_?loadFromImage@Texture@sf@@QAE_NABVImage@2@ABV?$Rect@H@2@@Z) non risolto nella funzione _main
main.obj : error LNK2019: riferimento al simbolo esterno "__declspec(dllimport) public: __thiscall sf::RectangleShape::RectangleShape(class sf::Vector2<float> const &)" (__imp_??0RectangleShape@sf@@QAE@ABV?$Vector2@M@1@@Z) non risolto nella funzione _main
main.obj : error LNK2019: riferimento al simbolo esterno "__declspec(dllimport) public: void __thiscall sf::RectangleShape::setSize(class sf::Vector2<float> const &)" (__imp_?setSize@RectangleShape@sf@@QAEXABV?$Vector2@M@2@@Z) non risolto nella funzione _main
main.obj : error LNK2019: riferimento al simbolo esterno "__declspec(dllimport) public: virtual __thiscall sf::RectangleShape::~RectangleShape(void)" (__imp_??1RectangleShape@sf@@UAE@XZ) non risolto nella funzione _main
main.obj : error LNK2019: riferimento al simbolo esterno "__declspec(dllimport) public: void __thiscall sf::RenderTarget::clear(class sf::Color const &)" (__imp_?clear@RenderTarget@sf@@QAEXABVColor@2@@Z) non risolto nella funzione _main
main.obj : error LNK2019: riferimento al simbolo esterno "__declspec(dllimport) public: void __thiscall sf::RenderTarget::draw(class sf::Drawable const &,class sf::RenderStates const &)" (__imp_?draw@RenderTarget@sf@@QAEXABVDrawable@2@ABVRenderStates@2@@Z) non risolto nella funzione _main
MainMenu.obj : error LNK2001: simbolo esterno "__declspec(dllimport) public: void __thiscall sf::RenderTarget::draw(class sf::Drawable const &,class sf::RenderStates const &)" (__imp_?draw@RenderTarget@sf@@QAEXABVDrawable@2@ABVRenderStates@2@@Z) non risolto
main.obj : error LNK2019: riferimento al simbolo esterno "__declspec(dllimport) public: __thiscall sf::RenderWindow::RenderWindow(class sf::VideoMode,class sf::String const &,unsigned int,struct sf::ContextSettings const &)" (__imp_??0RenderWindow@sf@@QAE@VVideoMode@1@ABVString@1@IABUContextSettings@1@@Z) non risolto nella funzione _main
main.obj : error LNK2019: riferimento al simbolo esterno "__declspec(dllimport) public: virtual __thiscall sf::RenderWindow::~RenderWindow(void)" (__imp_??1RenderWindow@sf@@UAE@XZ) non risolto nella funzione _main
main.obj : error LNK2019: riferimento al simbolo esterno "__declspec(dllimport) public: virtual class sf::Vector2<unsigned int> __thiscall sf::RenderWindow::getSize(void)const " (__imp_?getSize@RenderWindow@sf@@UBE?AV?$Vector2@I@2@XZ) non risolto nella funzione _main
main.obj : error LNK2019: riferimento al simbolo esterno "__declspec(dllimport) public: __thiscall sf::Sprite::Sprite(void)" (__imp_??0Sprite@sf@@QAE@XZ) non risolto nella funzione _main
main.obj : error LNK2019: riferimento al simbolo esterno "__declspec(dllimport) public: void __thiscall sf::Sprite::setTexture(class sf::Texture const &,bool)" (__imp_?setTexture@Sprite@sf@@QAEXABVTexture@2@_N@Z) non risolto nella funzione _main
main.obj : error LNK2019: riferimento al simbolo esterno "__declspec(dllimport) public: virtual __thiscall sf::Sprite::~Sprite(void)" (__imp_??1Sprite@sf@@UAE@XZ) non risolto nella funzione _main
main.obj : error LNK2019: riferimento al simbolo esterno "__declspec(dllimport) public: static class sf::RenderStates const sf::RenderStates::Default" (__imp_?Default@RenderStates@sf@@2V12@B) non risolto nella funzione _main
MainMenu.obj : error LNK2001: simbolo esterno "__declspec(dllimport) public: static class sf::RenderStates const sf::RenderStates::Default" (__imp_?Default@RenderStates@sf@@2V12@B) non risolto
MainMenu.obj : error LNK2019: riferimento al simbolo esterno "__declspec(dllimport) public: void __thiscall sf::Transformable::setPosition(float,float)" (__imp_?setPosition@Transformable@sf@@QAEXMM@Z) non risolto nella funzione "public: __thiscall MainMenu::MainMenu(float,float)" (??0MainMenu@@QAE@MM@Z)
MainMenu.obj : error LNK2019: riferimento al simbolo esterno "__declspec(dllimport) public: void __thiscall sf::Transformable::setRotation(float)" (__imp_?setRotation@Transformable@sf@@QAEXM@Z) non risolto nella funzione "public: __thiscall MainMenu::MainMenu(float,float)" (??0MainMenu@@QAE@MM@Z)
MainMenu.obj : error LNK2019: riferimento al simbolo esterno "__declspec(dllimport) public: __thiscall sf::Font::Font(void)" (__imp_??0Font@sf@@QAE@XZ) non risolto nella funzione "public: __thiscall MainMenu::MainMenu(float,float)" (??0MainMenu@@QAE@MM@Z)
MainMenu.obj : error LNK2019: riferimento al simbolo esterno "__declspec(dllimport) public: __thiscall sf::Font::~Font(void)" (__imp_??1Font@sf@@QAE@XZ) non risolto nella funzione __unwindfunclet$??0MainMenu@@QAE@MM@Z$0
MainMenu.obj : error LNK2019: riferimento al simbolo esterno "__declspec(dllimport) public: bool __thiscall sf::Font::loadFromFile(class std::basic_string<char,struct std::char_traits<char>,class std::allocator<char> > const &)" (__imp_?loadFromFile@Font@sf@@QAE_NABV?$basic_string@DU?$char_traits@D@std@@V?$allocator@D@2@@std@@@Z) non risolto nella funzione "public: __thiscall MainMenu::MainMenu(float,float)" (??0MainMenu@@QAE@MM@Z)
MainMenu.obj : error LNK2019: riferimento al simbolo esterno "__declspec(dllimport) public: __thiscall sf::Text::Text(void)" (__imp_??0Text@sf@@QAE@XZ) non risolto nella funzione "public: __thiscall MainMenu::MainMenu(float,float)" (??0MainMenu@@QAE@MM@Z)
MainMenu.obj : error LNK2019: riferimento al simbolo esterno "__declspec(dllimport) public: void __thiscall sf::Text::setString(class sf::String const &)" (__imp_?setString@Text@sf@@QAEXABVString@2@@Z) non risolto nella funzione "public: __thiscall MainMenu::MainMenu(float,float)" (??0MainMenu@@QAE@MM@Z)
MainMenu.obj : error LNK2019: riferimento al simbolo esterno "__declspec(dllimport) public: void __thiscall sf::Text::setFont(class sf::Font const &)" (__imp_?setFont@Text@sf@@QAEXABVFont@2@@Z) non risolto nella funzione "public: __thiscall MainMenu::MainMenu(float,float)" (??0MainMenu@@QAE@MM@Z)
MainMenu.obj : error LNK2019: riferimento al simbolo esterno "__declspec(dllimport) public: void __thiscall sf::Text::setCharacterSize(unsigned int)" (__imp_?setCharacterSize@Text@sf@@QAEXI@Z) non risolto nella funzione "public: __thiscall MainMenu::MainMenu(float,float)" (??0MainMenu@@QAE@MM@Z)
MainMenu.obj : error LNK2019: riferimento al simbolo esterno "__declspec(dllimport) public: void __thiscall sf::Text::setFillColor(class sf::Color const &)" (__imp_?setFillColor@Text@sf@@QAEXABVColor@2@@Z) non risolto nella funzione "public: __thiscall MainMenu::MainMenu(float,float)" (??0MainMenu@@QAE@MM@Z)
MainMenu.obj : error LNK2019: riferimento al simbolo esterno "__declspec(dllimport) public: virtual __thiscall sf::Text::~Text(void)" (__imp_??1Text@sf@@UAE@XZ) non risolto nella funzione "public: __thiscall MainMenu::MainMenu(float,float)" (??0MainMenu@@QAE@MM@Z)
MainMenu.obj : error LNK2019: riferimento al simbolo esterno "__declspec(dllimport) public: static class sf::Color const sf::Color::White" (__imp_?White@Color@sf@@2V12@B) non risolto nella funzione "public: __thiscall MainMenu::MainMenu(float,float)" (??0MainMenu@@QAE@MM@Z)
MainMenu.obj : error LNK2019: riferimento al simbolo esterno "__declspec(dllimport) public: static class sf::Color const sf::Color::Blue" (__imp_?Blue@Color@sf@@2V12@B) non risolto nella funzione "public: virtual void __thiscall MainMenu::MoveDown(void)" (?MoveDown@MainMenu@@UAEXXZ)
C:\Users\claud\OneDrive\Documenti\JUCE\exercises\juce-frattalatore-capr\FractalWindow\\SFML\lib\Debug\sfml-system-d.lib : warning LNK4272: il tipo 'x64' del computer della libreria è in conflitto con il tipo 'x86' del computer di destinazione
C:\Users\claud\OneDrive\Documenti\JUCE\exercises\juce-frattalatore-capr\FractalWindow\\SFML\lib\Debug\sfml-window-d.lib : warning LNK4272: il tipo 'x64' del computer della libreria è in conflitto con il tipo 'x86' del computer di destinazione
C:\Users\claud\OneDrive\Documenti\JUCE\exercises\juce-frattalatore-capr\FractalWindow\\SFML\lib\Debug\sfml-main-d.lib : warning LNK4272: il tipo 'x64' del computer della libreria è in conflitto con il tipo 'x86' del computer di destinazione
C:\Users\claud\OneDrive\Documenti\JUCE\exercises\juce-frattalatore-capr\FractalWindow\\SFML\lib\Debug\sfml-graphics-d.lib : warning LNK4272: il tipo 'x64' del computer della libreria è in conflitto con il tipo 'x86' del computer di destinazione
C:\Users\claud\OneDrive\Documenti\JUCE\exercises\juce-frattalatore-capr\FractalWindow\Debug\FractalWindow.exe : fatal error LNK1120: 43 esterni non risolti
