  Building Custom Rule C:/Users/claud/Downloads/SFML-2.5.1-sources/SFML-2.5.1/src/SFML/Audio/CMakeLists.txt
  ALCheck.cpp
  AlResource.cpp
  AudioDevice.cpp
  Listener.cpp
  Music.cpp
  Sound.cpp
  SoundBuffer.cpp
  SoundBufferRecorder.cpp
  InputSoundFile.cpp
  OutputSoundFile.cpp
  SoundRecorder.cpp
  SoundSource.cpp
  SoundStream.cpp
  SoundFileFactory.cpp
  SoundFileReaderFlac.cpp
  SoundFileReaderOgg.cpp
  SoundFileReaderWav.cpp
  SoundFileWriterFlac.cpp
  SoundFileWriterOgg.cpp
  SoundFileWriterWav.cpp
  Generazione del codice in corso...
     Creazione della libreria C:/Users/claud/Downloads/SFML-2.5.1-sources/SFML-2.5.1/sfml-build/lib/Release/sfml-audio.lib e dell'oggetto C:/Users/claud/Downloads/SFML-2.5.1-sources/SFML-2.5.1/sfml-build/lib/Release/sfml-audio.exp
  sfml-audio.vcxproj -> C:\Users\claud\Downloads\SFML-2.5.1-sources\SFML-2.5.1\sfml-build\lib\Release\sfml-audio-2.dll
